This is pdfTeX, Version 3.141592653-2.6-1.40.25 (TeX Live 2023/Arch Linux) (preloaded format=pdflatex 2023.9.5)  28 SEP 2023 11:05
entering extended mode
 restricted \write18 enabled.
 %&-line parsing enabled.
**hw3.tex
(./hw3.tex
LaTeX2e <2022-11-01> patch level 1
L3 programming layer <2023-02-22>
(/usr/share/texmf-dist/tex/latex/base/article.cls
Document Class: article 2022/07/02 v1.4n Standard LaTeX document class
(/usr/share/texmf-dist/tex/latex/base/size10.clo
File: size10.clo 2022/07/02 v1.4n Standard LaTeX file (size option)
)
\c@part=\count185
\c@section=\count186
\c@subsection=\count187
\c@subsubsection=\count188
\c@paragraph=\count189
\c@subparagraph=\count190
\c@figure=\count191
\c@table=\count192
\abovecaptionskip=\skip48
\belowcaptionskip=\skip49
\bibindent=\dimen140
)
(/usr/share/texmf-dist/tex/latex/amsmath/amsmath.sty
Package: amsmath 2022/04/08 v2.17n AMS math features
\@mathmargin=\skip50

For additional information on amsmath, use the `?' option.
(/usr/share/texmf-dist/tex/latex/amsmath/amstext.sty
Package: amstext 2021/08/26 v2.01 AMS text

(/usr/share/texmf-dist/tex/latex/amsmath/amsgen.sty
File: amsgen.sty 1999/11/30 v2.0 generic functions
\@emptytoks=\toks16
\ex@=\dimen141
))
(/usr/share/texmf-dist/tex/latex/amsmath/amsbsy.sty
Package: amsbsy 1999/11/29 v1.2d Bold Symbols
\pmbraise@=\dimen142
)
(/usr/share/texmf-dist/tex/latex/amsmath/amsopn.sty
Package: amsopn 2022/04/08 v2.04 operator names
)
\inf@bad=\count193
LaTeX Info: Redefining \frac on input line 234.
\uproot@=\count194
\leftroot@=\count195
LaTeX Info: Redefining \overline on input line 399.
LaTeX Info: Redefining \colon on input line 410.
\classnum@=\count196
\DOTSCASE@=\count197
LaTeX Info: Redefining \ldots on input line 496.
LaTeX Info: Redefining \dots on input line 499.
LaTeX Info: Redefining \cdots on input line 620.
\Mathstrutbox@=\box51
\strutbox@=\box52
LaTeX Info: Redefining \big on input line 722.
LaTeX Info: Redefining \Big on input line 723.
LaTeX Info: Redefining \bigg on input line 724.
LaTeX Info: Redefining \Bigg on input line 725.
\big@size=\dimen143
LaTeX Font Info:    Redeclaring font encoding OML on input line 743.
LaTeX Font Info:    Redeclaring font encoding OMS on input line 744.
\macc@depth=\count198
LaTeX Info: Redefining \bmod on input line 905.
LaTeX Info: Redefining \pmod on input line 910.
LaTeX Info: Redefining \smash on input line 940.
LaTeX Info: Redefining \relbar on input line 970.
LaTeX Info: Redefining \Relbar on input line 971.
\c@MaxMatrixCols=\count199
\dotsspace@=\muskip16
\c@parentequation=\count266
\dspbrk@lvl=\count267
\tag@help=\toks17
\row@=\count268
\column@=\count269
\maxfields@=\count270
\andhelp@=\toks18
\eqnshift@=\dimen144
\alignsep@=\dimen145
\tagshift@=\dimen146
\tagwidth@=\dimen147
\totwidth@=\dimen148
\lineht@=\dimen149
\@envbody=\toks19
\multlinegap=\skip51
\multlinetaggap=\skip52
\mathdisplay@stack=\toks20
LaTeX Info: Redefining \[ on input line 2953.
LaTeX Info: Redefining \] on input line 2954.
)
(/usr/share/texmf-dist/tex/latex/amsfonts/amssymb.sty
Package: amssymb 2013/01/14 v3.01 AMS font symbols

(/usr/share/texmf-dist/tex/latex/amsfonts/amsfonts.sty
Package: amsfonts 2013/01/14 v3.01 Basic AMSFonts support
\symAMSa=\mathgroup4
\symAMSb=\mathgroup5
LaTeX Font Info:    Redeclaring math symbol \hbar on input line 98.
LaTeX Font Info:    Overwriting math alphabet `\mathfrak' in version `bold'
(Font)                  U/euf/m/n --> U/euf/b/n on input line 106.
))
(/usr/share/texmf-dist/tex/latex/listings/listings.sty
(/usr/share/texmf-dist/tex/latex/graphics/keyval.sty
Package: keyval 2022/05/29 v1.15 key=value parser (DPC)
\KV@toks@=\toks21
)
\lst@mode=\count271
\lst@gtempboxa=\box53
\lst@token=\toks22
\lst@length=\count272
\lst@currlwidth=\dimen150
\lst@column=\count273
\lst@pos=\count274
\lst@lostspace=\dimen151
\lst@width=\dimen152
\lst@newlines=\count275
\lst@lineno=\count276
\lst@maxwidth=\dimen153

(/usr/share/texmf-dist/tex/latex/listings/lstmisc.sty
File: lstmisc.sty 2023/02/27 1.9 (Carsten Heinz)
\c@lstnumber=\count277
\lst@skipnumbers=\count278
\lst@framebox=\box54
)
(/usr/share/texmf-dist/tex/latex/listings/listings.cfg
File: listings.cfg 2023/02/27 1.9 listings configuration
))
Package: listings 2023/02/27 1.9 (Carsten Heinz)

(/usr/share/texmf-dist/tex/latex/l3backend/l3backend-pdftex.def
File: l3backend-pdftex.def 2023-01-16 L3 backend support: PDF output (pdfTeX)
\l__color_backend_stack_int=\count279
\l__pdf_internal_box=\box55
) (./hw3.aux)
\openout1 = `hw3.aux'.

LaTeX Font Info:    Checking defaults for OML/cmm/m/it on input line 8.
LaTeX Font Info:    ... okay on input line 8.
LaTeX Font Info:    Checking defaults for OMS/cmsy/m/n on input line 8.
LaTeX Font Info:    ... okay on input line 8.
LaTeX Font Info:    Checking defaults for OT1/cmr/m/n on input line 8.
LaTeX Font Info:    ... okay on input line 8.
LaTeX Font Info:    Checking defaults for T1/cmr/m/n on input line 8.
LaTeX Font Info:    ... okay on input line 8.
LaTeX Font Info:    Checking defaults for TS1/cmr/m/n on input line 8.
LaTeX Font Info:    ... okay on input line 8.
LaTeX Font Info:    Checking defaults for OMX/cmex/m/n on input line 8.
LaTeX Font Info:    ... okay on input line 8.
LaTeX Font Info:    Checking defaults for U/cmr/m/n on input line 8.
LaTeX Font Info:    ... okay on input line 8.
\c@lstlisting=\count280
LaTeX Font Info:    Trying to load font information for U+msa on input line 9.

(/usr/share/texmf-dist/tex/latex/amsfonts/umsa.fd
File: umsa.fd 2013/01/14 v3.01 AMS symbols A
)
LaTeX Font Info:    Trying to load font information for U+msb on input line 9.

(/usr/share/texmf-dist/tex/latex/amsfonts/umsb.fd
File: umsb.fd 2013/01/14 v3.01 AMS symbols B
)
Underfull \hbox (badness 10000) in paragraph at lines 12--16

 []


Underfull \hbox (badness 10000) in paragraph at lines 18--20

 []


Underfull \hbox (badness 10000) in paragraph at lines 22--24

 []


Underfull \hbox (badness 10000) in paragraph at lines 26--28

 []


Underfull \hbox (badness 10000) in paragraph at lines 30--33

 []

[1

{/var/lib/texmf/fonts/map/pdftex/updmap/pdftex.map}]
Underfull \hbox (badness 10000) in paragraph at lines 35--37

 []


Underfull \hbox (badness 10000) in paragraph at lines 39--42

 []


Overfull \hbox (20.72812pt too wide) in paragraph at lines 45--52
\OT1/cmr/m/n/10 Consider set \OT1/cmr/bx/n/10 A \OT1/cmr/m/n/10 which con-tains
 el-e-ments $\OMS/cmsy/m/n/10 f\OML/cmm/m/it/10 a[]; a[]; [] ; a[]\OMS/cmsy/m/n
/10 g$\OT1/cmr/m/n/10 , and set \OT1/cmr/bx/n/10 B \OT1/cmr/m/n/10 = $\OMS/cmsy
/m/n/10 f\OML/cmm/m/it/10 b[]; b[]; [] ; b[]\OMS/cmsy/m/n/10 g$\OT1/cmr/m/n/10 
. 
 []


Overfull \hbox (19.7865pt too wide) in paragraph at lines 45--52
\OT1/cmr/m/n/10 Similarly, set \OT1/cmr/bx/n/10 C \OT1/cmr/m/n/10 which con-tai
ns el-e-ments $\OMS/cmsy/m/n/10 f\OML/cmm/m/it/10 c[]; c[]; [] ; c[]\OMS/cmsy/m
/n/10 g$\OT1/cmr/m/n/10 , and set \OT1/cmr/bx/n/10 D \OT1/cmr/m/n/10 = $\OMS/cm
sy/m/n/10 f\OML/cmm/m/it/10 d[]; d[]; [] ; d[]\OMS/cmsy/m/n/10 g$\OT1/cmr/m/n/1
0 . 
 []


Underfull \hbox (badness 10000) in paragraph at lines 45--52

 []


Underfull \hbox (badness 10000) in paragraph at lines 54--56

 []

[2]
Underfull \hbox (badness 10000) in paragraph at lines 58--60

 []


Underfull \hbox (badness 10000) in paragraph at lines 62--64

 []


Underfull \hbox (badness 10000) in paragraph at lines 66--71

 []


Overfull \hbox (20.72812pt too wide) in paragraph at lines 73--82
\OT1/cmr/m/n/10 Consider set \OT1/cmr/bx/n/10 A \OT1/cmr/m/n/10 which con-tains
 el-e-ments $\OMS/cmsy/m/n/10 f\OML/cmm/m/it/10 a[]; a[]; [] ; a[]\OMS/cmsy/m/n
/10 g$\OT1/cmr/m/n/10 , and set \OT1/cmr/bx/n/10 B \OT1/cmr/m/n/10 = $\OMS/cmsy
/m/n/10 f\OML/cmm/m/it/10 b[]; b[]; [] ; b[]\OMS/cmsy/m/n/10 g$\OT1/cmr/m/n/10 
. 
 []


Overfull \hbox (19.7865pt too wide) in paragraph at lines 73--82
\OT1/cmr/m/n/10 Similarly, set \OT1/cmr/bx/n/10 C \OT1/cmr/m/n/10 which con-tai
ns el-e-ments $\OMS/cmsy/m/n/10 f\OML/cmm/m/it/10 c[]; c[]; [] ; c[]\OMS/cmsy/m
/n/10 g$\OT1/cmr/m/n/10 , and set \OT1/cmr/bx/n/10 D \OT1/cmr/m/n/10 = $\OMS/cm
sy/m/n/10 f\OML/cmm/m/it/10 d[]; d[]; [] ; d[]\OMS/cmsy/m/n/10 g$\OT1/cmr/m/n/1
0 . 
 []


Underfull \hbox (badness 10000) in paragraph at lines 73--82

 []

[3]
Underfull \hbox (badness 10000) in paragraph at lines 84--86

 []


Underfull \hbox (badness 10000) in paragraph at lines 88--90

 []


Underfull \hbox (badness 10000) in paragraph at lines 92--94

 []


Underfull \hbox (badness 10000) in paragraph at lines 96--102

 []


Underfull \hbox (badness 10000) in paragraph at lines 104--107

 []

[4]
Underfull \hbox (badness 10000) in paragraph at lines 110--112

 []


Underfull \hbox (badness 10000) in paragraph at lines 114--116

 []


Underfull \hbox (badness 10000) in paragraph at lines 125--127

 []


Underfull \hbox (badness 10000) in paragraph at lines 131--133

 []


Underfull \hbox (badness 10000) in paragraph at lines 135--137

 []


Overfull \hbox (94.89255pt too wide) detected at line 139
\OT1/cmr/m/n/10 (\OML/cmm/m/it/10 a; b\OT1/cmr/m/n/10 )  =[]\OMS/cmsy/m/n/10 ) 
 \OML/cmm/m/it/10 a[]  \OT1/cmr/m/n/10 10 = \OML/cmm/m/it/10 b[]  \OT1/cmr/m/n/
10 10  \OMS/cmsy/m/n/10 ([])  \OML/cmm/m/it/10 b[]  \OT1/cmr/m/n/10 10 = \OML/c
mm/m/it/10 a[]  \OT1/cmr/m/n/10 10  =[]\OMS/cmsy/m/n/10 )  \OT1/cmr/m/n/10 ((\O
ML/cmm/m/it/10 a; b\OT1/cmr/m/n/10 ) \OMS/cmsy/m/n/10 2 \OML/cmm/m/it/10 R  \OT
1/cmr/m/n/10 =[]\OMS/cmsy/m/n/10 )  \OT1/cmr/m/n/10 (\OML/cmm/m/it/10 b; a\OT1/
cmr/m/n/10 ) \OMS/cmsy/m/n/10 2 \OML/cmm/m/it/10 R\OT1/cmr/m/n/10 )
 []

[5]
Underfull \hbox (badness 10000) in paragraph at lines 139--144

 []


Underfull \hbox (badness 10000) in paragraph at lines 146--148

 []


Underfull \hbox (badness 10000) in paragraph at lines 150--152

 []


Underfull \hbox (badness 10000) in paragraph at lines 155--156

 []

LaTeX Font Info:    Trying to load font information for OML+cmr on input line 1
57.
(/usr/share/texmf-dist/tex/latex/base/omlcmr.fd
File: omlcmr.fd 2022/07/10 v2.5l Standard LaTeX font definitions
)
LaTeX Font Info:    Font shape `OML/cmr/m/n' in size <10> not available
(Font)              Font shape `OML/cmm/m/it' tried instead on input line 157.

Underfull \hbox (badness 10000) in paragraph at lines 159--163

 []

[6{/usr/share/texmf-dist/fonts/enc/dvips/cm-super/cm-super-ts1.enc}]
Underfull \hbox (badness 10000) in paragraph at lines 165--174

 []

[7] (./hw3.aux) ) 
Here is how much of TeX's memory you used:
 3405 strings out of 477985
 46989 string characters out of 5840059
 1856388 words of memory out of 5000000
 23616 multiletter control sequences out of 15000+600000
 520831 words of font info for 65 fonts, out of 8000000 for 9000
 14 hyphenation exceptions out of 8191
 56i,7n,62p,223b,1231s stack positions out of 10000i,1000n,20000p,200000b,200000s
</usr/share/texmf-dist/fonts/type1/public/amsfonts/cm/cmbx10.p
fb></usr/share/texmf-dist/fonts/type1/public/amsfonts/cm/cmbx12.pfb></usr/share
/texmf-dist/fonts/type1/public/amsfonts/cm/cmmi10.pfb></usr/share/texmf-dist/fo
nts/type1/public/amsfonts/cm/cmmi7.pfb></usr/share/texmf-dist/fonts/type1/publi
c/amsfonts/cm/cmr10.pfb></usr/share/texmf-dist/fonts/type1/public/amsfonts/cm/c
mr12.pfb></usr/share/texmf-dist/fonts/type1/public/amsfonts/cm/cmr17.pfb></usr/
share/texmf-dist/fonts/type1/public/amsfonts/cm/cmr7.pfb></usr/share/texmf-dist
/fonts/type1/public/amsfonts/cm/cmsy10.pfb></usr/share/texmf-dist/fonts/type1/p
ublic/amsfonts/cm/cmti10.pfb></usr/share/texmf-dist/fonts/type1/public/amsfonts
/symbols/msam10.pfb></usr/share/texmf-dist/fonts/type1/public/amsfonts/symbols/
msbm10.pfb></usr/share/texmf-dist/fonts/type1/public/cm-super/sfrm1000.pfb>
Output written on hw3.pdf (7 pages, 159222 bytes).
PDF statistics:
 94 PDF objects out of 1000 (max. 8388607)
 58 compressed objects within 1 object stream
 0 named destinations out of 1000 (max. 500000)
 1 words of extra memory for PDF output out of 10000 (max. 10000000)

